\BOOKMARK [0][-]{chapter*.1}{\376\377\004\045\004\103\004\100\004\060\004\060\004\075\004\063\004\103\004\071}{}% 1
\BOOKMARK [0][-]{chapter*.2}{\376\377\000A\000b\000s\000t\000r\000a\000c\000t}{}% 2
\BOOKMARK [0][-]{chapter.1}{\376\377\004\036\004\100\004\110\004\070\004\073}{}% 3
\BOOKMARK [1][-]{section.1.1}{\376\377\004\041\004\103\004\064\004\060\004\073\004\063\004\060\004\060\004\075\004\113\000\040\004\257\004\075\004\064\004\115\004\101\004\073\004\115\004\073}{chapter.1}% 4
\BOOKMARK [1][-]{section.1.2}{\376\377\004\041\004\103\004\064\004\060\004\073\004\063\004\060\004\060\004\075\004\113\000\040\004\067\004\076\004\100\004\070\004\073\004\063\004\076}{chapter.1}% 5
\BOOKMARK [1][-]{section.1.3}{\376\377\004\041\004\103\004\064\004\060\004\073\004\063\004\060\004\060\004\075\004\113\000\040\004\060\004\101\004\103\004\103\004\073\004\102}{chapter.1}% 6
\BOOKMARK [1][-]{section.1.4}{\376\377\004\041\004\103\004\064\004\060\004\073\004\063\004\060\004\060\004\075\004\113\000\040\004\102\004\060\004\060\004\074\004\060\004\063\004\073\004\060\004\073}{chapter.1}% 7
\BOOKMARK [1][-]{section.1.5}{\376\377\004\041\004\103\004\064\004\060\004\073\004\063\004\060\004\060\004\075\004\113\000\040\004\060\004\107\000\040\004\105\004\076\004\073\004\061\004\076\004\063\004\064\004\076\004\073}{chapter.1}% 8
\BOOKMARK [1][-]{section.1.6}{\376\377\004\041\004\103\004\064\004\060\004\073\004\063\004\060\004\060\004\075\004\113\000\040\004\105\004\257\004\100\004\115\004\115\000\040\004\061\004\060\000\040\004\105\004\117\004\067\004\063\004\060\004\060\004\100\004\073\004\060\004\073\004\102}{chapter.1}% 9
\BOOKMARK [1][-]{section.1.7}{\376\377\004\041\004\103\004\064\004\060\004\073\004\063\004\060\004\060\004\075\004\113\000\040\004\060\004\100\004\063\004\060\004\107\004\073\004\060\004\073\004\113\004\075\000\040\004\065\004\100\004\351\004\075\004\105\004\070\004\071\000\040\004\067\004\060\004\063\004\062\004\060\004\100}{chapter.1}% 10
\BOOKMARK [1][-]{section.1.8}{\376\377\004\024\004\070\004\077\004\073\004\076\004\074\004\113\004\075\000\040\004\060\004\066\004\073\004\113\004\075\000\040\004\061\004\257\004\102\004\115\004\106}{chapter.1}% 11
\BOOKMARK [0][-]{chapter.2}{\376\377\004\036\004\075\004\076\004\073\004\113\004\075\000\040\004\105\004\115\004\101\004\115\004\063}{}% 12
\BOOKMARK [1][-]{section.2.1}{\376\377\004\035\004\070\004\071\004\063\004\074\004\070\004\071\004\075\000\040\004\101\004\257\004\073\004\066\004\115\004\115\000\040\004\061\004\060\000\040\000B\000i\000g\000\040\000D\000a\000t\000a}{chapter.2}% 13
\BOOKMARK [2][-]{subsection.2.1.1}{\376\377\004\035\004\070\004\071\004\063\004\074\004\070\004\071\004\075\000\040\004\101\004\257\004\073\004\066\004\115\004\115\004\075\004\070\004\071\000\040\004\102\004\103\004\105\004\060\004\071\000\040\004\076\004\071\004\073\004\063\004\076\004\073\004\102}{section.2.1}% 14
\BOOKMARK [2][-]{subsection.2.1.2}{\376\377\000B\000i\000g\000\040\000D\000a\000t\000a\000\040\004\061\004\060\000\040\004\075\004\070\004\071\004\063\004\074\004\070\004\071\004\075\000\040\004\101\004\257\004\073\004\066\004\115\004\115}{section.2.1}% 15
\BOOKMARK [1][-]{section.2.2}{\376\377\004\022\004\115\004\061\000\040\004\101\004\072\004\100\004\060\004\077\004\070\004\075\004\063\000\040\004\102\004\065\004\105\004\075\004\076\004\073\004\076\004\063\004\070}{chapter.2}% 16
\BOOKMARK [2][-]{subsection.2.2.1}{\376\377\004\022\004\115\004\061\000\040\004\101\004\072\004\100\004\060\004\077\004\070\004\075\004\063\004\070\004\071\004\075\000\040\004\102\004\103\004\105\004\060\004\071}{section.2.2}% 17
\BOOKMARK [2][-]{subsection.2.2.2}{\376\377\000S\000e\000l\000e\000n\000i\000u\000m\000\040\000W\000e\000b\000D\000r\000i\000v\000e\000r}{section.2.2}% 18
\BOOKMARK [2][-]{subsection.2.2.3}{\376\377\000B\000e\000a\000u\000t\000i\000f\000u\000l\000S\000o\000u\000p}{section.2.2}% 19
\BOOKMARK [1][-]{section.2.3}{\376\377\000N\000a\000t\000u\000r\000a\000l\000\040\000L\000a\000n\000g\000u\000a\000g\000e\000\040\000P\000r\000o\000c\000e\000s\000s\000i\000n\000g\000\040\000\050\000N\000L\000P\000\051}{chapter.2}% 20
\BOOKMARK [2][-]{subsection.2.3.1}{\376\377\000N\000L\000P\000-\004\070\004\071\004\075\000\040\004\102\004\103\004\105\004\060\004\071\000\040\004\076\004\071\004\073\004\063\004\076\004\073\004\102}{section.2.3}% 21
\BOOKMARK [2][-]{subsection.2.3.2}{\376\377\000S\000e\000n\000t\000i\000m\000e\000n\000t\000\040\000A\000n\000a\000l\000y\000s\000i\000s}{section.2.3}% 22
\BOOKMARK [2][-]{subsection.2.3.3}{\376\377\000T\000e\000x\000t\000B\000l\000o\000b\000\040\004\061\004\060\000\040\000V\000A\000D\000E\000R}{section.2.3}% 23
\BOOKMARK [2][-]{subsection.2.3.4}{\376\377\000B\000E\000R\000T\000\040\000T\000r\000a\000n\000s\000f\000o\000r\000m\000e\000r\000\040\000M\000o\000d\000e\000l}{section.2.3}% 24
\BOOKMARK [1][-]{section.2.4}{\376\377\004\350\004\063\004\351\004\063\004\064\004\073\004\070\004\071\004\075\000\040\004\101\004\060\004\075\000\040\004\061\004\060\000\040\000A\000P\000I}{chapter.2}% 25
\BOOKMARK [2][-]{subsection.2.4.1}{\376\377\000P\000o\000s\000t\000g\000r\000e\000S\000Q\000L}{section.2.4}% 26
\BOOKMARK [2][-]{subsection.2.4.2}{\376\377\000F\000i\000r\000e\000b\000a\000s\000e\000\040\000R\000e\000a\000l\000t\000i\000m\000e\000\040\000D\000a\000t\000a\000b\000a\000s\000e}{section.2.4}% 27
\BOOKMARK [2][-]{subsection.2.4.3}{\376\377\000R\000E\000S\000T\000\040\000A\000P\000I\000\040\004\061\004\060\000\040\000F\000a\000s\000t\000A\000P\000I}{section.2.4}% 28
\BOOKMARK [1][-]{section.2.5}{\376\377\004\043\004\100\004\114\004\064\000\040\004\351\004\074\004\075\004\351\004\105\000\040\004\101\004\103\004\064\004\060\004\073\004\063\004\060\004\060\004\075\004\103\004\103\004\064}{chapter.2}% 29
\BOOKMARK [2][-]{subsection.2.5.1}{\376\377\004\020\004\100\004\070\004\073\004\066\004\060\004\060\004\075\004\113\000\040\004\077\004\073\004\060\004\102\004\104\004\076\004\100\004\074\004\103\004\103\004\064\004\113\004\075\000\040\004\105\004\060\004\100\004\114\004\106\004\103\004\103\004\073\004\060\004\073\004\102}{section.2.5}% 30
\BOOKMARK [2][-]{subsection.2.5.2}{\376\377\000O\000p\000e\000n\000\040\000S\000o\000u\000r\000c\000e\000\040\004\110\004\070\004\071\004\064\004\073\004\257\004\257\004\064}{section.2.5}% 31
\BOOKMARK [2][-]{subsection.2.5.3}{\376\377\004\034\004\060\004\075\004\060\004\071\000\040\004\101\004\070\004\101\004\102\004\065\004\074\004\070\004\071\004\075\000\040\004\064\004\060\004\062\004\103\004\103\000\040\004\102\004\060\004\073}{section.2.5}% 32
\BOOKMARK [2][-]{subsection.2.5.4}{\376\377\004\042\004\065\004\105\004\075\004\070\004\072\004\070\004\071\004\075\000\040\004\101\004\076\004\100\004\070\004\073\004\102\004\103\004\103\004\064}{section.2.5}% 33
\BOOKMARK [0][-]{chapter.3}{\376\377\004\020\004\100\004\063\004\060\000\040\004\067\004\257\004\071}{}% 34
\BOOKMARK [1][-]{section.3.1}{\376\377\004\041\004\070\004\101\004\102\004\065\004\074\004\070\004\071\004\075\000\040\004\060\004\100\004\105\004\070\004\102\004\065\004\072\004\102\004\103\004\100}{chapter.3}% 35
\BOOKMARK [1][-]{section.3.2}{\376\377\004\042\004\065\004\105\004\075\004\076\004\073\004\076\004\063\004\070\004\071\004\075\000\040\004\101\004\076\004\075\004\063\004\076\004\073\004\102}{chapter.3}% 36
\BOOKMARK [2][-]{subsection.3.2.1}{\376\377\004\037\004\100\004\076\004\063\004\100\004\060\004\074\004\107\004\073\004\060\004\073\004\113\004\075\000\040\004\105\004\115\004\073}{section.3.2}% 37
\BOOKMARK [2][-]{subsection.3.2.2}{\376\377\004\022\004\115\004\061\000\040\004\101\004\072\004\100\004\060\004\077\004\070\004\075\004\063}{section.3.2}% 38
\BOOKMARK [2][-]{subsection.3.2.3}{\376\377\000F\000a\000c\000e\000b\000o\000o\000k\000\040\004\101\004\072\004\100\004\060\004\077\004\070\004\075\004\063\000\040\004\060\004\100\004\105\004\070\004\102\004\065\004\072\004\102\004\103\004\100}{section.3.2}% 39
\BOOKMARK [2][-]{subsection.3.2.4}{\376\377\004\350\004\063\004\351\004\063\004\064\004\073\004\070\004\071\004\075\000\040\004\101\004\060\004\075}{section.3.2}% 40
\BOOKMARK [2][-]{subsection.3.2.5}{\376\377\004\042\004\065\004\105\004\075\004\076\004\073\004\076\004\063\004\070\000\040\004\102\004\103\004\101\000\040\004\061\004\257\004\100\004\070\004\071\004\075\000\040\004\105\004\115\004\100\004\115\004\063\004\073\004\115\004\115\000:\000\040\004\056\004\103\004\075\004\064\000,\000\040\004\057\004\060\004\066\000,\000\040\004\057\004\060\004\063\004\060\004\060\004\064}{section.3.2}% 41
\BOOKMARK [1][-]{section.3.3}{\376\377\004\350\004\063\004\351\004\063\004\064\004\073\004\070\004\071\004\075\000\040\004\067\004\060\004\063\004\062\004\060\004\100}{chapter.3}% 42
\BOOKMARK [2][-]{subsection.3.3.1}{\376\377\004\350\004\063\004\351\004\063\004\064\004\073\004\070\004\071\004\075\000\040\004\061\004\257\004\102\004\115\004\106}{section.3.3}% 43
\BOOKMARK [2][-]{subsection.3.3.2}{\376\377\004\045\004\257\004\101\004\075\004\115\004\063\004\102\004\070\004\071\004\075\000\040\004\061\004\257\004\102\004\115\004\106}{section.3.3}% 44
\BOOKMARK [1][-]{section.3.4}{\376\377\004\020\004\073\004\063\004\076\004\100\004\070\004\102\004\074}{chapter.3}% 45
\BOOKMARK [2][-]{subsection.3.4.1}{\376\377\004\041\004\072\004\100\004\060\004\077\004\070\004\075\004\063\000\040\004\060\004\073\004\063\004\076\004\100\004\070\004\102\004\074}{section.3.4}% 46
\BOOKMARK [2][-]{subsection.3.4.2}{\376\377\000S\000e\000n\000t\000i\000m\000e\000n\000t\000\040\000A\000n\000a\000l\000y\000s\000i\000s\000\040\004\060\004\073\004\063\004\076\004\100\004\070\004\102\004\074}{section.3.4}% 47
\BOOKMARK [2][-]{subsection.3.4.3}{\376\377\000P\000r\000e\000d\000i\000c\000t\000i\000v\000e\000\040\000E\000n\000g\000a\000g\000e\000m\000e\000n\000t\000\040\000M\000o\000d\000e\000l\000i\000n\000g\000\040\004\060\004\073\004\063\004\076\004\100\004\070\004\102\004\074}{section.3.4}% 48
\BOOKMARK [2][-]{subsection.3.4.4}{\376\377\000E\000m\000o\000t\000i\000o\000n\000\040\004\061\004\060\000\040\000I\000n\000t\000e\000r\000a\000c\000t\000i\000o\000n\000\040\000N\000e\000t\000w\000o\000r\000k\000\040\004\060\004\075\004\060\004\073\004\070\004\067\004\113\004\075\000\040\004\060\004\073\004\063\004\076\004\100\004\070\004\102\004\074}{section.3.4}% 49
\BOOKMARK [1][-]{section.3.5}{\376\377\004\042\004\103\004\100\004\110\004\070\004\073\004\102\004\113\004\075\000\040\004\076\004\100\004\107\004\070\004\075}{chapter.3}% 50
\BOOKMARK [0][-]{chapter.4}{\376\377\004\045\004\115\004\100\004\115\004\063\004\066\004\070\004\073\004\102}{}% 51
\BOOKMARK [1][-]{section.4.1}{\376\377\004\042\004\351\004\101\004\073\004\070\004\071\004\075\000\040\004\061\004\257\004\102\004\115\004\106}{chapter.4}% 52
\BOOKMARK [1][-]{section.4.2}{\376\377\004\350\004\063\004\351\004\063\004\064\004\351\004\073\000\040\004\046\004\103\004\063\004\073\004\103\004\103\004\073\004\060\004\105\000\040\004\034\004\076\004\064\004\103\004\073\004\114\000\040\000-\000\040\004\034\004\103\004\073\004\114\004\102\004\070\004\077\004\073\004\060\004\102\004\104\004\076\004\100\004\074\000\040\004\024\004\115\004\074\004\066\004\073\004\115\004\063}{chapter.4}% 53
\BOOKMARK [2][-]{subsection.4.2.1}{\376\377\004\020\004\100\004\105\004\070\004\102\004\065\004\072\004\102\004\103\004\100}{section.4.2}% 54
\BOOKMARK [2][-]{subsection.4.2.2}{\376\377\004\046\004\103\004\063\004\073\004\103\004\103\004\073\004\060\004\073\004\102\004\113\004\075\000\040\004\037\004\060\004\100\004\060\004\074\004\065\004\102\004\100}{section.4.2}% 55
\BOOKMARK [2][-]{subsection.4.2.3}{\376\377\004\046\004\103\004\063\004\073\004\103\004\103\004\073\004\101\004\060\004\075\000\040\004\350\004\063\004\351\004\063\004\064\004\073\004\070\004\071\004\075\000\040\004\021\004\257\004\102\004\115\004\106}{section.4.2}% 56
\BOOKMARK [2][-]{subsection.4.2.4}{\376\377\004\037\004\073\004\060\004\102\004\104\004\076\004\100\004\074\000-\004\060\004\075\004\063\004\070\004\102\000\040\004\045\004\115\004\100\004\115\004\063\004\066\004\070\004\073\004\102}{section.4.2}% 57
\BOOKMARK [2][-]{subsection.4.2.5}{\376\377\004\046\004\103\004\063\004\073\004\103\004\103\004\073\004\060\004\073\004\102\004\113\004\075\000\040\004\020\004\066\004\070\004\073\004\073\004\060\004\063\004\060\004\060}{section.4.2}% 58
\BOOKMARK [2][-]{subsection.4.2.6}{\376\377\004\350\004\063\004\351\004\063\004\064\004\073\004\070\004\071\004\075\000\040\004\023\004\060\004\100\004\063\004\060\004\073\004\102\000\040\004\061\004\060\000\040\004\045\004\060\004\064\004\063\004\060\004\073\004\060\004\073\004\102}{section.4.2}% 59
\BOOKMARK [2][-]{subsection.4.2.7}{\376\377\004\026\004\070\004\110\004\115\004\115\000\040\004\045\004\115\004\100\004\115\004\063\004\073\004\115\004\115}{section.4.2}% 60
\BOOKMARK [1][-]{section.4.3}{\376\377\000B\000r\000o\000w\000s\000e\000r\000\040\000M\000a\000n\000a\000g\000e\000r}{chapter.4}% 61
\BOOKMARK [2][-]{subsection.4.3.1}{\376\377\000S\000e\000s\000s\000i\000o\000n\000\040\000M\000a\000n\000a\000g\000e\000m\000e\000n\000t}{section.4.3}% 62
\BOOKMARK [2][-]{subsection.4.3.2}{\376\377\000L\000o\000g\000i\000n\000\040\000S\000y\000s\000t\000e\000m}{section.4.3}% 63
\BOOKMARK [2][-]{subsection.4.3.3}{\376\377\000A\000n\000t\000i\000-\000D\000e\000t\000e\000c\000t\000i\000o\000n}{section.4.3}% 64
\BOOKMARK [1][-]{section.4.4}{\376\377\000P\000o\000s\000t\000\040\000S\000c\000r\000a\000p\000e\000r}{chapter.4}% 65
\BOOKMARK [2][-]{subsection.4.4.1}{\376\377\000M\000o\000d\000a\000l\000\040\000H\000a\000n\000d\000l\000i\000n\000g}{section.4.4}% 66
\BOOKMARK [2][-]{subsection.4.4.2}{\376\377\000C\000o\000m\000m\000e\000n\000t\000\040\000E\000x\000t\000r\000a\000c\000t\000i\000o\000n}{section.4.4}% 67
\BOOKMARK [1][-]{section.4.5}{\376\377\000M\000L\000\040\000A\000n\000a\000l\000y\000z\000e\000r}{chapter.4}% 68
\BOOKMARK [2][-]{subsection.4.5.1}{\376\377\000B\000a\000s\000i\000c\000\040\000S\000e\000n\000t\000i\000m\000e\000n\000t\000\040\000A\000n\000a\000l\000y\000s\000i\000s}{section.4.5}% 69
\BOOKMARK [2][-]{subsection.4.5.2}{\376\377\000A\000d\000v\000a\000n\000c\000e\000d\000\040\000B\000E\000R\000T\000\040\000A\000n\000a\000l\000y\000s\000i\000s}{section.4.5}% 70
\BOOKMARK [1][-]{section.4.6}{\376\377\000R\000E\000S\000T\000\040\000A\000P\000I}{chapter.4}% 71
\BOOKMARK [2][-]{subsection.4.6.1}{\376\377\000A\000u\000t\000h\000e\000n\000t\000i\000c\000a\000t\000i\000o\000n}{section.4.6}% 72
\BOOKMARK [2][-]{subsection.4.6.2}{\376\377\000E\000n\000d\000p\000o\000i\000n\000t\000s}{section.4.6}% 73
\BOOKMARK [1][-]{section.4.7}{\376\377\000D\000a\000t\000a\000b\000a\000s\000e\000\040\000L\000a\000y\000e\000r}{chapter.4}% 74
\BOOKMARK [2][-]{subsection.4.7.1}{\376\377\000S\000Q\000L\000A\000l\000c\000h\000e\000m\000y\000\040\000O\000R\000M}{section.4.7}% 75
\BOOKMARK [2][-]{subsection.4.7.2}{\376\377\000F\000i\000r\000e\000b\000a\000s\000e\000\040\000I\000n\000t\000e\000g\000r\000a\000t\000i\000o\000n}{section.4.7}% 76
\BOOKMARK [1][-]{section.4.8}{\376\377\000A\000I\000\040\004\024\004\257\004\075\000\040\004\050\004\070\004\075\004\066\004\070\004\073\004\063\004\115\004\115\004\075\004\070\004\071\000\040\004\034\004\076\004\064\004\103\004\073\004\114}{chapter.4}% 77
\BOOKMARK [2][-]{subsection.4.8.1}{\376\377\000A\000I\000A\000n\000a\000l\000y\000z\000e\000r\000\040\004\032\004\073\004\060\004\101\004\101}{section.4.8}% 78
\BOOKMARK [2][-]{subsection.4.8.2}{\376\377\000S\000e\000n\000t\000i\000m\000e\000n\000t\000\040\000A\000n\000a\000l\000y\000s\000i\000s}{section.4.8}% 79
\BOOKMARK [2][-]{subsection.4.8.3}{\376\377\004\041\004\115\004\064\004\062\004\070\004\071\004\075\000\040\004\020\004\075\004\060\004\073\004\070\004\067\000\040\000\050\000T\000o\000p\000i\000c\000\040\000E\000x\000t\000r\000a\000c\000t\000i\000o\000n\000\051}{section.4.8}% 80
\BOOKMARK [2][-]{subsection.4.8.4}{\376\377\004\041\004\115\004\102\004\063\004\115\004\073\000\040\004\045\004\351\004\064\004\073\004\351\004\073\004\070\004\071\004\075\000\040\004\020\004\075\004\060\004\073\004\070\004\067\000\040\000\050\000E\000m\000o\000t\000i\000o\000n\000\040\000A\000n\000a\000l\000y\000s\000i\000s\000\051}{section.4.8}% 81
\BOOKMARK [2][-]{subsection.4.8.5}{\376\377\004\036\004\100\004\076\004\073\004\106\004\076\004\076\004\075\004\113\000\040\004\034\004\065\004\102\004\100\004\070\004\072\000\040\000\050\000E\000n\000g\000a\000g\000e\000m\000e\000n\000t\000\040\000A\000n\000a\000l\000y\000s\000i\000s\000\051}{section.4.8}% 82
\BOOKMARK [2][-]{subsection.4.8.6}{\376\377\004\046\004\060\004\063\000\040\004\045\004\103\004\063\004\060\004\106\004\060\004\060\004\075\004\113\000\040\004\020\004\075\004\060\004\073\004\070\004\067\000\040\000\050\000T\000e\000m\000p\000o\000r\000a\000l\000\040\000A\000n\000a\000l\000y\000s\000i\000s\000\051}{section.4.8}% 83
\BOOKMARK [2][-]{subsection.4.8.7}{\376\377\000P\000r\000e\000d\000i\000c\000t\000i\000v\000e\000\040\000E\000n\000g\000a\000g\000e\000m\000e\000n\000t\000\040\000M\000o\000d\000e\000l\000i\000n\000g}{section.4.8}% 84
\BOOKMARK [2][-]{subsection.4.8.8}{\376\377\004\041\004\257\004\073\004\066\004\115\004\115\004\075\004\070\004\071\000\040\004\020\004\075\004\060\004\073\004\070\004\067\000\040\000\050\000I\000n\000t\000e\000r\000a\000c\000t\000i\000o\000n\000\040\000N\000e\000t\000w\000o\000r\000k\000\040\000A\000n\000a\000l\000y\000s\000i\000s\000\051}{section.4.8}% 85
\BOOKMARK [2][-]{subsection.4.8.9}{\376\377\000A\000I\000\040\004\027\004\351\004\062\004\073\004\351\004\074\004\066\000\040\004\256\004\257\004\101\004\063\004\115\004\105}{section.4.8}% 86
\BOOKMARK [2][-]{subsection.4.8.10}{\376\377\004\042\004\060\004\071\004\073\004\060\004\075\000\040\004\256\004\257\004\101\004\063\004\115\004\105}{section.4.8}% 87
\BOOKMARK [2][-]{subsection.4.8.11}{\376\377\000C\000L\000I\000\040\000I\000n\000t\000e\000r\000f\000a\000c\000e}{section.4.8}% 88
\BOOKMARK [0][-]{chapter.5}{\376\377\004\256\004\100\000\040\004\064\004\257\004\075}{}% 89
\BOOKMARK [1][-]{section.5.1}{\376\377\004\042\004\103\004\100\004\110\004\070\004\073\004\102\004\113\004\075\000\040\004\102\004\076\004\105\004\070\004\100\004\063\004\076\004\076}{chapter.5}% 90
\BOOKMARK [1][-]{section.5.2}{\376\377\004\041\004\072\004\100\004\060\004\077\004\070\004\075\004\063\004\070\004\071\004\075\000\040\004\257\004\100\000\040\004\064\004\257\004\075}{chapter.5}% 91
\BOOKMARK [2][-]{subsection.5.2.1}{\376\377\004\046\004\103\004\063\004\073\004\103\004\103\004\073\004\101\004\060\004\075\000\040\004\351\004\063\004\351\004\063\004\064\004\351\004\073}{section.5.2}% 92
\BOOKMARK [2][-]{subsection.5.2.2}{\376\377\004\041\004\072\004\100\004\060\004\077\004\070\004\075\004\063\004\070\004\071\004\075\000\040\004\105\004\103\004\100\004\064}{section.5.2}% 93
\BOOKMARK [1][-]{section.5.3}{\376\377\000S\000e\000n\000t\000i\000m\000e\000n\000t\000\040\000A\000n\000a\000l\000y\000s\000i\000s\000-\004\113\004\075\000\040\004\257\004\100\000\040\004\064\004\257\004\075}{chapter.5}% 94
\BOOKMARK [2][-]{subsection.5.3.1}{\376\377\000T\000e\000x\000t\000B\000l\000o\000b\000\040\000v\000s\000\040\000V\000A\000D\000E\000R\000\040\000v\000s\000\040\000B\000E\000R\000T}{section.5.3}% 95
\BOOKMARK [2][-]{subsection.5.3.2}{\376\377\004\034\004\115\004\064\004\100\004\115\004\074\004\066\004\070\004\071\004\075\000\040\004\105\004\103\004\062\004\060\004\060\004\100\004\070\004\073\004\060\004\073\004\102}{section.5.3}% 96
\BOOKMARK [2][-]{subsection.5.3.3}{\376\377\004\042\004\257\004\073\004\105\004\257\004\257\004\100\000\040\004\257\004\063\004\070\004\071\004\075\000\040\004\060\004\075\004\060\004\073\004\070\004\067}{section.5.3}% 97
\BOOKMARK [1][-]{section.5.4}{\376\377\000A\000P\000I\000\040\000P\000e\000r\000f\000o\000r\000m\000a\000n\000c\000e}{chapter.5}% 98
\BOOKMARK [2][-]{subsection.5.4.1}{\376\377\000R\000e\000s\000p\000o\000n\000s\000e\000\040\000T\000i\000m\000e}{section.5.4}% 99
\BOOKMARK [2][-]{subsection.5.4.2}{\376\377\000C\000o\000n\000c\000u\000r\000r\000e\000n\000t\000\040\000U\000s\000e\000r\000s}{section.5.4}% 100
\BOOKMARK [1][-]{section.5.5}{\376\377\004\020\004\073\004\064\004\060\004\060\004\075\004\113\000\040\004\060\004\075\004\060\004\073\004\070\004\067}{chapter.5}% 101
\BOOKMARK [2][-]{subsection.5.5.1}{\376\377\004\020\004\073\004\064\004\060\004\060\004\075\004\113\000\040\004\102\004\351\004\100\004\073\004\257\004\257\004\064}{section.5.5}% 102
\BOOKMARK [1][-]{section.5.6}{\376\377\004\045\004\060\004\100\004\114\004\106\004\103\004\103\004\073\004\060\004\073\004\102}{chapter.5}% 103
\BOOKMARK [2][-]{subsection.5.6.1}{\376\377\004\030\004\066\004\070\004\073\000\040\004\102\004\351\004\101\004\102\004\115\004\071\000\040\004\101\004\070\004\101\004\102\004\065\004\074\004\257\004\257\004\064\004\102\004\115\004\071\000\040\004\105\004\060\004\100\004\114\004\106\004\103\004\103\004\073\004\060\004\073\004\102}{section.5.6}% 104
\BOOKMARK [1][-]{section.5.7}{\376\377\000A\000I\000\040\004\050\004\070\004\075\004\066\004\070\004\073\004\063\004\115\004\115\004\075\004\070\004\071\000\040\004\256\004\100\000\040\004\024\004\257\004\075}{chapter.5}% 105
\BOOKMARK [2][-]{subsection.5.7.1}{\376\377\004\021\004\257\004\100\004\115\004\075\000\040\004\050\004\070\004\075\004\066\004\070\004\073\004\063\004\115\004\115\004\075\004\070\004\071\000\040\004\042\004\060\004\071\004\073\004\060\004\075}{section.5.7}% 106
\BOOKMARK [2][-]{subsection.5.7.2}{\376\377\000B\000E\000R\000T\000\040\000S\000e\000n\000t\000i\000m\000e\000n\000t\000\040\000A\000n\000a\000l\000y\000s\000i\000s}{section.5.7}% 107
\BOOKMARK [2][-]{subsection.5.7.3}{\376\377\004\041\004\115\004\064\004\062\004\070\004\071\004\075\000\040\004\032\004\073\004\060\004\101\004\102\004\065\004\100\004\107\004\073\004\060\004\073}{section.5.7}% 108
\BOOKMARK [2][-]{subsection.5.7.4}{\376\377\004\036\004\100\004\076\004\073\004\106\004\076\004\076\004\075\004\113\000\040\004\034\004\065\004\102\004\100\004\070\004\072\004\070\004\071\004\075\000\040\004\020\004\075\004\060\004\073\004\070\004\067}{section.5.7}% 109
\BOOKMARK [2][-]{subsection.5.7.5}{\376\377\000V\000i\000r\000a\000l\000\040\004\035\004\070\004\071\004\102\004\073\004\115\004\073\004\070\004\071\004\075\000\040\004\030\004\073\004\100\004\257\004\257\004\073\004\115\004\073\004\102}{section.5.7}% 110
\BOOKMARK [2][-]{subsection.5.7.6}{\376\377\004\046\004\060\004\063\000\040\004\045\004\103\004\063\004\060\004\106\004\060\004\060\004\075\004\113\000\040\004\045\004\115\004\062\000\040\004\034\004\060\004\117\004\063}{section.5.7}% 111
\BOOKMARK [2][-]{subsection.5.7.7}{\376\377\004\045\004\060\004\100\004\070\004\103\000\040\004\256\004\071\004\073\004\064\004\115\004\073\000\040\004\061\004\060\000\040\004\040\004\065\004\060\004\072\004\106\004\113\004\075\000\040\004\045\004\115\004\074\004\066\004\115\004\115\004\075\004\070\004\071\000\040\004\042\004\060\004\060\004\074\004\060\004\063\004\073\004\060\004\073}{section.5.7}% 112
\BOOKMARK [2][-]{subsection.5.7.8}{\376\377\004\042\004\060\004\060\004\074\004\060\004\063\004\073\004\060\004\073\004\113\004\075\000\040\004\027\004\060\004\063\004\062\004\060\004\100\004\113\004\075\000\040\004\256\004\075\004\115\004\073\004\063\004\115\004\115}{section.5.7}% 113
\BOOKMARK [2][-]{subsection.5.7.9}{\376\377\004\050\004\070\004\075\004\066\004\070\004\073\004\063\004\115\004\115\004\075\004\070\004\071\000\040\004\042\004\060\004\071\004\073\004\060\004\075\004\063\004\070\004\071\004\075\000\040\004\026\004\070\004\110\004\115\004\115}{section.5.7}% 114
\BOOKMARK [1][-]{section.5.8}{\376\377\004\256\004\100\000\040\004\024\004\257\004\075\004\063\004\070\004\071\004\075\000\040\004\045\004\115\004\073\004\115\004\073\004\106\004\257\004\257\004\073\004\115\004\063}{chapter.5}% 115
\BOOKMARK [0][-]{chapter.6}{\376\377\004\024\004\257\004\063\004\075\004\115\004\073\004\102}{}% 116
\BOOKMARK [1][-]{section.6.1}{\376\377\004\256\004\075\004\064\004\101\004\115\004\075\000\040\004\257\004\100\000\040\004\064\004\257\004\075}{chapter.6}% 117
\BOOKMARK [1][-]{section.6.2}{\376\377\004\050\004\070\004\075\004\115\004\073\004\115\004\063\000\040\004\102\004\060\004\073}{chapter.6}% 118
\BOOKMARK [1][-]{section.6.3}{\376\377\004\045\004\117\004\067\004\063\004\060\004\060\004\100\004\073\004\060\004\073\004\102}{chapter.6}% 119
\BOOKMARK [1][-]{section.6.4}{\376\377\004\046\004\060\004\060\004\110\004\064\004\113\004\075\000\040\004\105\004\351\004\063\004\066\004\257\004\257\004\073\004\115\004\073\004\102}{chapter.6}% 120
\BOOKMARK [1][-]{section.6.5}{\376\377\004\035\004\115\004\063\004\102\004\063\004\115\004\073}{chapter.6}% 121
\BOOKMARK [0][-]{chapter*.24}{\376\377\004\035\004\076\004\074\000\040\004\067\004\257\004\071}{}% 122
\BOOKMARK [0][-]{appendix.A}{\376\377\004\045\004\060\004\062\004\101\004\100\004\060\004\073\004\102}{}% 123
\BOOKMARK [1][-]{section.A.1}{\376\377\004\041\004\070\004\101\004\102\004\065\004\074\004\070\004\071\004\075\000\040\004\102\004\076\004\105\004\070\004\100\004\063\004\076\004\076\004\075\004\113\000\040\004\066\004\070\004\110\004\115\004\115}{appendix.A}% 124
\BOOKMARK [1][-]{section.A.2}{\376\377\000A\000P\000I\000\040\000E\000n\000d\000p\000o\000i\000n\000t\000\040\004\066\004\070\004\110\004\115\004\115}{appendix.A}% 125
\BOOKMARK [1][-]{section.A.3}{\376\377\004\350\004\063\004\351\004\063\004\064\004\073\004\070\004\071\004\075\000\040\004\101\004\060\004\075\004\063\004\070\004\071\004\075\000\040\004\101\004\105\004\065\004\074}{appendix.A}% 126
